* using log directory 'C:/Users/Alexandre/Documents/BsplineQuantReg/BsplineQuantReg.Rcheck'
* using R version 4.5.2 (2025-10-31 ucrt)
* using platform: x86_64-w64-mingw32
* R was compiled by
    gcc.exe (GCC) 14.3.0
    GNU Fortran (GCC) 14.3.0
* running under: Windows 10 x64 (build 18362)
* using session charset: UTF-8
* using option '--as-cran'
* checking for file 'BsplineQuantReg/DESCRIPTION' ... OK
* checking extension type ... Package
* this is package 'BsplineQuantReg' version '0.1.0'
* package encoding: UTF-8
* checking CRAN incoming feasibility ... [36s] NOTE
Maintainer: 'Alexandre Abbes <alexandre.abbes@proton.me>'

New submission
* checking package namespace information ... OK
* checking package dependencies ... OK
* checking if this is a source package ... OK
* checking if there is a namespace ... OK
* checking for executable files ... OK
* checking for hidden files and directories ... OK
* checking for portable file names ... OK
* checking whether package 'BsplineQuantReg' can be installed ... [25s] OK
* checking installed package size ... OK
* checking package directory ... OK
* checking for future file timestamps ...